# JRE version: Java(TM) SE Runtime Environment (8.0_181-b13) (build 1.8.0_181-b13)
# Java VM: Java HotSpot(TM) 64-Bit Server VM (25.181-b13 mixed mode windows-amd64 compressed oops)
Heap:
 PSYoungGen      total 175616K, used 56560K [0x00000000d5580000, 0x00000000e0700000, 0x0000000100000000)
  eden space 170496K, 33% used [0x00000000d5580000,0x00000000d8cb4128,0x00000000dfc00000)
  from space 5120K, 0% used [0x00000000e0200000,0x00000000e0208000,0x00000000e0700000)
  to   space 5632K, 0% used [0x00000000dfc00000,0x00000000dfc00000,0x00000000e0180000)
 ParOldGen       total 40448K, used 6341K [0x0000000080000000, 0x0000000082780000, 0x00000000d5580000)
  object space 40448K, 15% used [0x0000000080000000,0x0000000080631590,0x0000000082780000)
 Metaspace       used 22195K, capacity 22482K, committed 22704K, reserved 1069056K
  class space    used 2674K, capacity 2805K, committed 2816K, reserved 1048576K
GC Heap History (10 events):
Event: 6167.539 GC heap before
{Heap before GC invocations=9 (full 1):
 PSYoungGen      total 40448K, used 33811K [0x00000000d5580000, 0x00000000da480000, 0x0000000100000000)
  eden space 33280K, 100% used [0x00000000d5580000,0x00000000d7600000,0x00000000d7600000)
  from space 7168K, 7% used [0x00000000d7600000,0x00000000d7684f98,0x00000000d7d00000)
  to   space 7168K, 0% used [0x00000000d9d80000,0x00000000d9d80000,0x00000000da480000)
 ParOldGen       total 40448K, used 5847K [0x0000000080000000, 0x0000000082780000, 0x00000000d5580000)
  object space 40448K, 14% used [0x0000000080000000,0x00000000805b5cc8,0x0000000082780000)
 Metaspace       used 22191K, capacity 22482K, committed 22704K, reserved 1069056K
  class space    used 2674K, capacity 2805K, committed 2816K, reserved 1048576K
Event: 6167.541 GC heap after
Heap after GC invocations=9 (full 1):
 PSYoungGen      total 72704K, used 499K [0x00000000d5580000, 0x00000000da380000, 0x0000000100000000)
  eden space 66560K, 0% used [0x00000000d5580000,0x00000000d5580000,0x00000000d9680000)
  from space 6144K, 8% used [0x00000000d9d80000,0x00000000d9dfcf98,0x00000000da380000)
  to   space 6656K, 0% used [0x00000000d9680000,0x00000000d9680000,0x00000000d9d00000)
 ParOldGen       total 40448K, used 5847K [0x0000000080000000, 0x0000000082780000, 0x00000000d5580000)
  object space 40448K, 14% used [0x0000000080000000,0x00000000805b5cc8,0x0000000082780000)
 Metaspace       used 22191K, capacity 22482K, committed 22704K, reserved 1069056K
  class space    used 2674K, capacity 2805K, committed 2816K, reserved 1048576K
}
Event: 7113.619 GC heap before
{Heap before GC invocations=10 (full 1):
 PSYoungGen      total 72704K, used 67059K [0x00000000d5580000, 0x00000000da380000, 0x0000000100000000)
  eden space 66560K, 100% used [0x00000000d5580000,0x00000000d9680000,0x00000000d9680000)
  from space 6144K, 8% used [0x00000000d9d80000,0x00000000d9dfcf98,0x00000000da380000)
  to   space 6656K, 0% used [0x00000000d9680000,0x00000000d9680000,0x00000000d9d00000)
 ParOldGen       total 40448K, used 5847K [0x0000000080000000, 0x0000000082780000, 0x00000000d5580000)
  object space 40448K, 14% used [0x0000000080000000,0x00000000805b5cc8,0x0000000082780000)
 Metaspace       used 22195K, capacity 22482K, committed 22704K, reserved 1069056K
  class space    used 2674K, capacity 2805K, committed 2816K, reserved 1048576K
Event: 7232.295 GC heap after
Heap after GC invocations=10 (full 1):
 PSYoungGen      total 73216K, used 64K [0x00000000d5580000, 0x00000000dca80000, 0x0000000100000000)
  eden space 66560K, 0% used [0x00000000d5580000,0x00000000d5580000,0x00000000d9680000)
  from space 6656K, 0% used [0x00000000d9680000,0x00000000d9690000,0x00000000d9d00000)
  to   space 6656K, 0% used [0x00000000dc400000,0x00000000dc400000,0x00000000dca80000)
 ParOldGen       total 40448K, used 6341K [0x0000000080000000, 0x0000000082780000, 0x00000000d5580000)
  object space 40448K, 15% used [0x0000000080000000,0x0000000080631590,0x0000000082780000)
 Metaspace       used 22195K, capacity 22482K, committed 22704K, reserved 1069056K
  class space    used 2674K, capacity 2805K, committed 2816K, reserved 1048576K
}
Event: 7843.204 GC heap before
{Heap before GC invocations=11 (full 1):
 PSYoungGen      total 73216K, used 66624K [0x00000000d5580000, 0x00000000dca80000, 0x0000000100000000)
  eden space 66560K, 100% used [0x00000000d5580000,0x00000000d9680000,0x00000000d9680000)
  from space 6656K, 0% used [0x00000000d9680000,0x00000000d9690000,0x00000000d9d00000)
  to   space 6656K, 0% used [0x00000000dc400000,0x00000000dc400000,0x00000000dca80000)
 ParOldGen       total 40448K, used 6341K [0x0000000080000000, 0x0000000082780000, 0x00000000d5580000)
  object space 40448K, 15% used [0x0000000080000000,0x0000000080631590,0x0000000082780000)
 Metaspace       used 22195K, capacity 22482K, committed 22704K, reserved 1069056K
  class space    used 2674K, capacity 2805K, committed 2816K, reserved 1048576K
Event: 7843.205 GC heap after
Heap after GC invocations=11 (full 1):
 PSYoungGen      total 112128K, used 64K [0x00000000d5580000, 0x00000000dc980000, 0x0000000100000000)
  eden space 106496K, 0% used [0x00000000d5580000,0x00000000d5580000,0x00000000dbd80000)
  from space 5632K, 1% used [0x00000000dc400000,0x00000000dc410000,0x00000000dc980000)
  to   space 6144K, 0% used [0x00000000dbd80000,0x00000000dbd80000,0x00000000dc380000)
 ParOldGen       total 40448K, used 6341K [0x0000000080000000, 0x0000000082780000, 0x00000000d5580000)
  object space 40448K, 15% used [0x0000000080000000,0x0000000080631590,0x0000000082780000)
 Metaspace       used 22195K, capacity 22482K, committed 22704K, reserved 1069056K
  class space    used 2674K, capacity 2805K, committed 2816K, reserved 1048576K
}
Event: 10285.547 GC heap before
{Heap before GC invocations=12 (full 1):
 PSYoungGen      total 112128K, used 106560K [0x00000000d5580000, 0x00000000dc980000, 0x0000000100000000)
  eden space 106496K, 100% used [0x00000000d5580000,0x00000000dbd80000,0x00000000dbd80000)
  from space 5632K, 1% used [0x00000000dc400000,0x00000000dc410000,0x00000000dc980000)
  to   space 6144K, 0% used [0x00000000dbd80000,0x00000000dbd80000,0x00000000dc380000)
 ParOldGen       total 40448K, used 6341K [0x0000000080000000, 0x0000000082780000, 0x00000000d5580000)
  object space 40448K, 15% used [0x0000000080000000,0x0000000080631590,0x0000000082780000)
 Metaspace       used 22195K, capacity 22482K, committed 22704K, reserved 1069056K
  class space    used 2674K, capacity 2805K, committed 2816K, reserved 1048576K
Event: 10545.456 GC heap after
Heap after GC invocations=12 (full 1):
 PSYoungGen      total 112640K, used 32K [0x00000000d5580000, 0x00000000e0800000, 0x0000000100000000)
  eden space 106496K, 0% used [0x00000000d5580000,0x00000000d5580000,0x00000000dbd80000)
  from space 6144K, 0% used [0x00000000dbd80000,0x00000000dbd88000,0x00000000dc380000)
  to   space 6144K, 0% used [0x00000000e0200000,0x00000000e0200000,0x00000000e0800000)
 ParOldGen       total 40448K, used 6341K [0x0000000080000000, 0x0000000082780000, 0x00000000d5580000)
  object space 40448K, 15% used [0x0000000080000000,0x0000000080631590,0x0000000082780000)
 Metaspace       used 22195K, capacity 22482K, committed 22704K, reserved 1069056K
  class space    used 2674K, capacity 2805K, committed 2816K, reserved 1048576K
}
Event: 16171.629 GC heap before
{Heap before GC invocations=13 (full 1):
 PSYoungGen      total 112640K, used 106528K [0x00000000d5580000, 0x00000000e0800000, 0x0000000100000000)
  eden space 106496K, 100% used [0x00000000d5580000,0x00000000dbd80000,0x00000000dbd80000)
  from space 6144K, 0% used [0x00000000dbd80000,0x00000000dbd88000,0x00000000dc380000)
  to   space 6144K, 0% used [0x00000000e0200000,0x00000000e0200000,0x00000000e0800000)
 ParOldGen       total 40448K, used 6341K [0x0000000080000000, 0x0000000082780000, 0x00000000d5580000)
  object space 40448K, 15% used [0x0000000080000000,0x0000000080631590,0x0000000082780000)
 Metaspace       used 22195K, capacity 22482K, committed 22704K, reserved 1069056K
  class space    used 2674K, capacity 2805K, committed 2816K, reserved 1048576K
Event: 16510.388 GC heap after
Heap after GC invocations=13 (full 1):
 PSYoungGen      total 175616K, used 32K [0x00000000d5580000, 0x00000000e0700000, 0x0000000100000000)
  eden space 170496K, 0% used [0x00000000d5580000,0x00000000d5580000,0x00000000dfc00000)
  from space 5120K, 0% used [0x00000000e0200000,0x00000000e0208000,0x00000000e0700000)
  to   space 5632K, 0% used [0x00000000dfc00000,0x00000000dfc00000,0x00000000e0180000)
 ParOldGen       total 40448K, used 6341K [0x0000000080000000, 0x0000000082780000, 0x00000000d5580000)
  object space 40448K, 15% used [0x0000000080000000,0x0000000080631590,0x0000000082780000)
 Metaspace       used 22195K, capacity 22482K, committed 22704K, reserved 1069056K
  class space    used 2674K, capacity 2805K, committed 2816K, reserved 1048576K
}

