# JRE version: Java(TM) SE Runtime Environment (8.0_181-b13) (build 1.8.0_181-b13)
# Java VM: Java HotSpot(TM) 64-Bit Server VM (25.181-b13 mixed mode windows-amd64 compressed oops)
Heap:
 PSYoungGen      total 147456K, used 63709K [0x00000000d5580000, 0x00000000e2d00000, 0x0000000100000000)
  eden space 146944K, 43% used [0x00000000d5580000,0x00000000d93a7588,0x00000000de500000)
  from space 512K, 12% used [0x00000000e2c80000,0x00000000e2c90000,0x00000000e2d00000)
  to   space 4096K, 0% used [0x00000000e2500000,0x00000000e2500000,0x00000000e2900000)
 ParOldGen       total 41984K, used 6071K [0x0000000080000000, 0x0000000082900000, 0x00000000d5580000)
  object space 41984K, 14% used [0x0000000080000000,0x00000000805edef8,0x0000000082900000)
 Metaspace       used 22240K, capacity 22556K, committed 22960K, reserved 1069056K
  class space    used 2676K, capacity 2810K, committed 2816K, reserved 1048576K
GC Heap History (10 events):
Event: 36596.781 GC heap before
{Heap before GC invocations=17 (full 1):
 PSYoungGen      total 185344K, used 179776K [0x00000000d5580000, 0x00000000e3900000, 0x0000000100000000)
  eden space 179712K, 100% used [0x00000000d5580000,0x00000000e0500000,0x00000000e0500000)
  from space 5632K, 1% used [0x00000000e2e00000,0x00000000e2e10000,0x00000000e3380000)
  to   space 5120K, 0% used [0x00000000e3400000,0x00000000e3400000,0x00000000e3900000)
 ParOldGen       total 41984K, used 6071K [0x0000000080000000, 0x0000000082900000, 0x00000000d5580000)
  object space 41984K, 14% used [0x0000000080000000,0x00000000805edef8,0x0000000082900000)
 Metaspace       used 22240K, capacity 22556K, committed 22960K, reserved 1069056K
  class space    used 2676K, capacity 2810K, committed 2816K, reserved 1048576K
Event: 36651.851 GC heap after
Heap after GC invocations=17 (full 1):
 PSYoungGen      total 173056K, used 64K [0x00000000d5580000, 0x00000000e3480000, 0x0000000100000000)
  eden space 172544K, 0% used [0x00000000d5580000,0x00000000d5580000,0x00000000dfe00000)
  from space 512K, 12% used [0x00000000e3400000,0x00000000e3410000,0x00000000e3480000)
  to   space 5120K, 0% used [0x00000000e2a80000,0x00000000e2a80000,0x00000000e2f80000)
 ParOldGen       total 41984K, used 6071K [0x0000000080000000, 0x0000000082900000, 0x00000000d5580000)
  object space 41984K, 14% used [0x0000000080000000,0x00000000805edef8,0x0000000082900000)
 Metaspace       used 22240K, capacity 22556K, committed 22960K, reserved 1069056K
  class space    used 2676K, capacity 2810K, committed 2816K, reserved 1048576K
}
Event: 43969.934 GC heap before
{Heap before GC invocations=18 (full 1):
 PSYoungGen      total 173056K, used 172608K [0x00000000d5580000, 0x00000000e3480000, 0x0000000100000000)
  eden space 172544K, 100% used [0x00000000d5580000,0x00000000dfe00000,0x00000000dfe00000)
  from space 512K, 12% used [0x00000000e3400000,0x00000000e3410000,0x00000000e3480000)
  to   space 5120K, 0% used [0x00000000e2a80000,0x00000000e2a80000,0x00000000e2f80000)
 ParOldGen       total 41984K, used 6071K [0x0000000080000000, 0x0000000082900000, 0x00000000d5580000)
  object space 41984K, 14% used [0x0000000080000000,0x00000000805edef8,0x0000000082900000)
 Metaspace       used 22240K, capacity 22556K, committed 22960K, reserved 1069056K
  class space    used 2676K, capacity 2810K, committed 2816K, reserved 1048576K
Event: 43969.977 GC heap after
Heap after GC invocations=18 (full 1):
 PSYoungGen      total 171008K, used 64K [0x00000000d5580000, 0x00000000e3480000, 0x0000000100000000)
  eden space 165888K, 0% used [0x00000000d5580000,0x00000000d5580000,0x00000000df780000)
  from space 5120K, 1% used [0x00000000e2a80000,0x00000000e2a90000,0x00000000e2f80000)
  to   space 4608K, 0% used [0x00000000e3000000,0x00000000e3000000,0x00000000e3480000)
 ParOldGen       total 41984K, used 6071K [0x0000000080000000, 0x0000000082900000, 0x00000000d5580000)
  object space 41984K, 14% used [0x0000000080000000,0x00000000805edef8,0x0000000082900000)
 Metaspace       used 22240K, capacity 22556K, committed 22960K, reserved 1069056K
  class space    used 2676K, capacity 2810K, committed 2816K, reserved 1048576K
}
Event: 46553.708 GC heap before
{Heap before GC invocations=19 (full 1):
 PSYoungGen      total 171008K, used 165952K [0x00000000d5580000, 0x00000000e3480000, 0x0000000100000000)
  eden space 165888K, 100% used [0x00000000d5580000,0x00000000df780000,0x00000000df780000)
  from space 5120K, 1% used [0x00000000e2a80000,0x00000000e2a90000,0x00000000e2f80000)
  to   space 4608K, 0% used [0x00000000e3000000,0x00000000e3000000,0x00000000e3480000)
 ParOldGen       total 41984K, used 6071K [0x0000000080000000, 0x0000000082900000, 0x00000000d5580000)
  object space 41984K, 14% used [0x0000000080000000,0x00000000805edef8,0x0000000082900000)
 Metaspace       used 22240K, capacity 22556K, committed 22960K, reserved 1069056K
  class space    used 2676K, capacity 2810K, committed 2816K, reserved 1048576K
Event: 46553.841 GC heap after
Heap after GC invocations=19 (full 1):
 PSYoungGen      total 159744K, used 64K [0x00000000d5580000, 0x00000000e3080000, 0x0000000100000000)
  eden space 159232K, 0% used [0x00000000d5580000,0x00000000d5580000,0x00000000df100000)
  from space 512K, 12% used [0x00000000e3000000,0x00000000e3010000,0x00000000e3080000)
  to   space 4608K, 0% used [0x00000000e2780000,0x00000000e2780000,0x00000000e2c00000)
 ParOldGen       total 41984K, used 6071K [0x0000000080000000, 0x0000000082900000, 0x00000000d5580000)
  object space 41984K, 14% used [0x0000000080000000,0x00000000805edef8,0x0000000082900000)
 Metaspace       used 22240K, capacity 22556K, committed 22960K, reserved 1069056K
  class space    used 2676K, capacity 2810K, committed 2816K, reserved 1048576K
}
Event: 54938.908 GC heap before
{Heap before GC invocations=20 (full 1):
 PSYoungGen      total 159744K, used 159296K [0x00000000d5580000, 0x00000000e3080000, 0x0000000100000000)
  eden space 159232K, 100% used [0x00000000d5580000,0x00000000df100000,0x00000000df100000)
  from space 512K, 12% used [0x00000000e3000000,0x00000000e3010000,0x00000000e3080000)
  to   space 4608K, 0% used [0x00000000e2780000,0x00000000e2780000,0x00000000e2c00000)
 ParOldGen       total 41984K, used 6071K [0x0000000080000000, 0x0000000082900000, 0x00000000d5580000)
  object space 41984K, 14% used [0x0000000080000000,0x00000000805edef8,0x0000000082900000)
 Metaspace       used 22240K, capacity 22556K, committed 22960K, reserved 1069056K
  class space    used 2676K, capacity 2810K, committed 2816K, reserved 1048576K
Event: 54989.574 GC heap after
Heap after GC invocations=20 (full 1):
 PSYoungGen      total 157696K, used 64K [0x00000000d5580000, 0x00000000e3080000, 0x0000000100000000)
  eden space 153088K, 0% used [0x00000000d5580000,0x00000000d5580000,0x00000000deb00000)
  from space 4608K, 1% used [0x00000000e2780000,0x00000000e2790000,0x00000000e2c00000)
  to   space 4096K, 0% used [0x00000000e2c80000,0x00000000e2c80000,0x00000000e3080000)
 ParOldGen       total 41984K, used 6071K [0x0000000080000000, 0x0000000082900000, 0x00000000d5580000)
  object space 41984K, 14% used [0x0000000080000000,0x00000000805edef8,0x0000000082900000)
 Metaspace       used 22240K, capacity 22556K, committed 22960K, reserved 1069056K
  class space    used 2676K, capacity 2810K, committed 2816K, reserved 1048576K
}
Event: 61986.130 GC heap before
{Heap before GC invocations=21 (full 1):
 PSYoungGen      total 157696K, used 153152K [0x00000000d5580000, 0x00000000e3080000, 0x0000000100000000)
  eden space 153088K, 100% used [0x00000000d5580000,0x00000000deb00000,0x00000000deb00000)
  from space 4608K, 1% used [0x00000000e2780000,0x00000000e2790000,0x00000000e2c00000)
  to   space 4096K, 0% used [0x00000000e2c80000,0x00000000e2c80000,0x00000000e3080000)
 ParOldGen       total 41984K, used 6071K [0x0000000080000000, 0x0000000082900000, 0x00000000d5580000)
  object space 41984K, 14% used [0x0000000080000000,0x00000000805edef8,0x0000000082900000)
 Metaspace       used 22240K, capacity 22556K, committed 22960K, reserved 1069056K
  class space    used 2676K, capacity 2810K, committed 2816K, reserved 1048576K
Event: 62074.378 GC heap after
Heap after GC invocations=21 (full 1):
 PSYoungGen      total 147456K, used 64K [0x00000000d5580000, 0x00000000e2d00000, 0x0000000100000000)
  eden space 146944K, 0% used [0x00000000d5580000,0x00000000d5580000,0x00000000de500000)
  from space 512K, 12% used [0x00000000e2c80000,0x00000000e2c90000,0x00000000e2d00000)
  to   space 4096K, 0% used [0x00000000e2500000,0x00000000e2500000,0x00000000e2900000)
 ParOldGen       total 41984K, used 6071K [0x0000000080000000, 0x0000000082900000, 0x00000000d5580000)
  object space 41984K, 14% used [0x0000000080000000,0x00000000805edef8,0x0000000082900000)
 Metaspace       used 22240K, capacity 22556K, committed 22960K, reserved 1069056K
  class space    used 2676K, capacity 2810K, committed 2816K, reserved 1048576K
}

